<?xml version="1.0" encoding="UTF-8"?>
<!-- Generated by org.testng.reporters.JUnitXMLReporter -->
<testsuite ignored="2" hostname="DESKTOP-RSTR5O7" failures="0" tests="13" name="Smoke Testcases" time="0.176" errors="0" timestamp="2023-04-13T05:42:43 IST">
  <testcase classname="testngFiles.Annot2" name="software" time="0.012"/>
  <testcase classname="packTwo.Annot2" name="software" time="0.002"/>
  <testcase classname="testngFiles.Annotations" name="FlightBooking" time="0.005"/>
  <testcase classname="testngFiles.Annotations" name="OpeningBrowser" time="0.002"/>
  <testcase classname="packTwo.Annotations" name="FlightBooking" time="0.002"/>
  <testcase classname="packTwo.Annotations" name="FlightCancel" time="0.006"/>
  <testcase classname="packTwo.Annotations" name="OpeningBrowser" time="0.003"/>
  <testcase classname="testngFiles.DependenyAnnot" name="OpeningBrowser" time="0.003"/>
  <testcase classname="testngFiles.DependenyAnnot" name="Timerelated" time="0.012"/>
  <testcase classname="testngFiles.DependenyAnnot" name="FlightBooking" time="0.002"/>
  <testcase classname="packTwo.DependenyAnnot" name="OpeningBrowser" time="0.004"/>
  <testcase classname="packTwo.DependenyAnnot" name="Timerelated" time="0.003"/>
  <testcase classname="packTwo.DependenyAnnot" name="FlightBooking" time="0.001"/>
  <testcase classname="packTwo.DependenyAnnot" name="Payment" time="0.0">
    <ignored/>
  </testcase> <!-- Payment -->
  <testcase classname="testngFiles.DependenyAnnot" name="Payment" time="0.0">
    <ignored/>
  </testcase> <!-- Payment -->
</testsuite> <!-- Smoke Testcases -->
