<?xml version="1.0" encoding="UTF-8"?>
<testng-results ignored="2" total="15" passed="13" failed="0" skipped="0">
  <reporter-output>
  </reporter-output>
  <suite started-at="2023-04-13T05:42:43 IST" name="Automatio Test" finished-at="2023-04-13T05:42:43 IST" duration-ms="176">
    <groups>
      <group name="Priority1">
        <method signature="Annotations.FlightBooking()[pri:0, instance:packTwo.Annotations@2e4b8173]" name="FlightBooking" class="packTwo.Annotations"/>
      </group> <!-- Priority1 -->
      <group name="Priority2">
        <method signature="Annotations.FlightCancel()[pri:0, instance:packTwo.Annotations@2e4b8173]" name="FlightCancel" class="packTwo.Annotations"/>
      </group> <!-- Priority2 -->
    </groups>
    <test started-at="2023-04-13T05:42:43 IST" name="Smoke Testcases" finished-at="2023-04-13T05:42:43 IST" duration-ms="176">
      <class name="testngFiles.Annotations">
        <test-method is-config="true" signature="Cookies()[pri:0, instance:testngFiles.Annotations@63021689]" started-at="2023-04-13T05:42:43 IST" name="Cookies" finished-at="2023-04-13T05:42:43 IST" duration-ms="1" status="PASS">
          <reporter-output>
          </reporter-output>
        </test-method> <!-- Cookies -->
        <test-method is-config="true" signature="UseridGeneration()[pri:0, instance:testngFiles.Annotations@63021689]" started-at="2023-04-13T05:42:43 IST" name="UseridGeneration" finished-at="2023-04-13T05:42:43 IST" duration-ms="1" status="PASS">
          <reporter-output>
          </reporter-output>
        </test-method> <!-- UseridGeneration -->
        <test-method signature="FlightBooking(java.lang.String)[pri:0, instance:testngFiles.Annotations@63021689]" started-at="2023-04-13T05:42:43 IST" name="FlightBooking" finished-at="2023-04-13T05:42:43 IST" duration-ms="5" status="PASS">
          <params>
            <param index="0">
              <value>
                <![CDATA[abcd]]>
              </value>
            </param>
          </params>
          <reporter-output>
          </reporter-output>
        </test-method> <!-- FlightBooking -->
        <test-method is-config="true" signature="Reportadding()[pri:0, instance:testngFiles.Annotations@63021689]" started-at="2023-04-13T05:42:43 IST" name="Reportadding" finished-at="2023-04-13T05:42:43 IST" duration-ms="1" status="PASS">
          <reporter-output>
          </reporter-output>
        </test-method> <!-- Reportadding -->
        <test-method is-config="true" signature="UseridGeneration()[pri:0, instance:testngFiles.Annotations@63021689]" started-at="2023-04-13T05:42:43 IST" name="UseridGeneration" finished-at="2023-04-13T05:42:43 IST" duration-ms="1" status="PASS">
          <reporter-output>
          </reporter-output>
        </test-method> <!-- UseridGeneration -->
        <test-method signature="OpeningBrowser()[pri:0, instance:testngFiles.Annotations@63021689]" started-at="2023-04-13T05:42:43 IST" name="OpeningBrowser" finished-at="2023-04-13T05:42:43 IST" duration-ms="2" status="PASS">
          <reporter-output>
          </reporter-output>
        </test-method> <!-- OpeningBrowser -->
        <test-method is-config="true" signature="Reportadding()[pri:0, instance:testngFiles.Annotations@63021689]" started-at="2023-04-13T05:42:43 IST" name="Reportadding" finished-at="2023-04-13T05:42:43 IST" duration-ms="0" status="PASS">
          <reporter-output>
          </reporter-output>
        </test-method> <!-- Reportadding -->
        <test-method is-config="true" signature="Cookiesclose()[pri:0, instance:testngFiles.Annotations@63021689]" started-at="2023-04-13T05:42:43 IST" name="Cookiesclose" finished-at="2023-04-13T05:42:43 IST" duration-ms="1" status="PASS">
          <reporter-output>
          </reporter-output>
        </test-method> <!-- Cookiesclose -->
      </class> <!-- testngFiles.Annotations -->
      <class name="testngFiles.Annot2">
        <test-method is-config="true" signature="installsoftware()[pri:0, instance:testngFiles.Annot2@4b5d6a01]" started-at="2023-04-13T05:42:43 IST" name="installsoftware" finished-at="2023-04-13T05:42:43 IST" duration-ms="1" status="PASS">
          <reporter-output>
          </reporter-output>
        </test-method> <!-- installsoftware -->
        <test-method signature="software()[pri:0, instance:testngFiles.Annot2@4b5d6a01]" started-at="2023-04-13T05:42:43 IST" name="software" finished-at="2023-04-13T05:42:43 IST" duration-ms="12" status="PASS">
          <reporter-output>
          </reporter-output>
        </test-method> <!-- software -->
        <test-method is-config="true" signature="deinstallsoftware()[pri:0, instance:testngFiles.Annot2@4b5d6a01]" started-at="2023-04-13T05:42:44 IST" name="deinstallsoftware" finished-at="2023-04-13T05:42:44 IST" duration-ms="1" status="PASS">
          <reporter-output>
          </reporter-output>
        </test-method> <!-- deinstallsoftware -->
      </class> <!-- testngFiles.Annot2 -->
      <class name="packTwo.Annot2">
        <test-method is-config="true" signature="installsoftware()[pri:0, instance:packTwo.Annot2@72a7c7e0]" started-at="2023-04-13T05:42:43 IST" name="installsoftware" finished-at="2023-04-13T05:42:43 IST" duration-ms="12" status="PASS">
          <reporter-output>
          </reporter-output>
        </test-method> <!-- installsoftware -->
        <test-method signature="software()[pri:0, instance:packTwo.Annot2@72a7c7e0]" started-at="2023-04-13T05:42:43 IST" name="software" finished-at="2023-04-13T05:42:43 IST" duration-ms="2" status="PASS">
          <reporter-output>
          </reporter-output>
        </test-method> <!-- software -->
        <test-method is-config="true" signature="deinstallsoftware()[pri:0, instance:packTwo.Annot2@72a7c7e0]" started-at="2023-04-13T05:42:44 IST" name="deinstallsoftware" finished-at="2023-04-13T05:42:44 IST" duration-ms="1" status="PASS">
          <reporter-output>
          </reporter-output>
        </test-method> <!-- deinstallsoftware -->
      </class> <!-- packTwo.Annot2 -->
      <class name="packTwo.Annotations">
        <test-method is-config="true" signature="Cookies()[pri:0, instance:packTwo.Annotations@2e4b8173]" started-at="2023-04-13T05:42:43 IST" name="Cookies" finished-at="2023-04-13T05:42:43 IST" duration-ms="1" status="PASS">
          <reporter-output>
          </reporter-output>
        </test-method> <!-- Cookies -->
        <test-method is-config="true" signature="UseridGeneration()[pri:0, instance:packTwo.Annotations@2e4b8173]" started-at="2023-04-13T05:42:43 IST" name="UseridGeneration" finished-at="2023-04-13T05:42:43 IST" duration-ms="1" status="PASS">
          <reporter-output>
          </reporter-output>
        </test-method> <!-- UseridGeneration -->
        <test-method signature="FlightBooking()[pri:0, instance:packTwo.Annotations@2e4b8173]" started-at="2023-04-13T05:42:43 IST" name="FlightBooking" finished-at="2023-04-13T05:42:43 IST" duration-ms="2" status="PASS">
          <reporter-output>
          </reporter-output>
        </test-method> <!-- FlightBooking -->
        <test-method is-config="true" signature="Reportadding()[pri:0, instance:packTwo.Annotations@2e4b8173]" started-at="2023-04-13T05:42:43 IST" name="Reportadding" finished-at="2023-04-13T05:42:43 IST" duration-ms="1" status="PASS">
          <reporter-output>
          </reporter-output>
        </test-method> <!-- Reportadding -->
        <test-method is-config="true" signature="UseridGeneration()[pri:0, instance:packTwo.Annotations@2e4b8173]" started-at="2023-04-13T05:42:43 IST" name="UseridGeneration" finished-at="2023-04-13T05:42:43 IST" duration-ms="0" status="PASS">
          <reporter-output>
          </reporter-output>
        </test-method> <!-- UseridGeneration -->
        <test-method signature="FlightCancel()[pri:0, instance:packTwo.Annotations@2e4b8173]" started-at="2023-04-13T05:42:43 IST" name="FlightCancel" finished-at="2023-04-13T05:42:43 IST" duration-ms="6" status="PASS">
          <reporter-output>
          </reporter-output>
        </test-method> <!-- FlightCancel -->
        <test-method is-config="true" signature="Reportadding()[pri:0, instance:packTwo.Annotations@2e4b8173]" started-at="2023-04-13T05:42:43 IST" name="Reportadding" finished-at="2023-04-13T05:42:43 IST" duration-ms="7" status="PASS">
          <reporter-output>
          </reporter-output>
        </test-method> <!-- Reportadding -->
        <test-method is-config="true" signature="UseridGeneration()[pri:0, instance:packTwo.Annotations@2e4b8173]" started-at="2023-04-13T05:42:43 IST" name="UseridGeneration" finished-at="2023-04-13T05:42:43 IST" duration-ms="1" status="PASS">
          <reporter-output>
          </reporter-output>
        </test-method> <!-- UseridGeneration -->
        <test-method signature="OpeningBrowser()[pri:0, instance:packTwo.Annotations@2e4b8173]" started-at="2023-04-13T05:42:43 IST" name="OpeningBrowser" finished-at="2023-04-13T05:42:43 IST" duration-ms="3" status="PASS">
          <reporter-output>
          </reporter-output>
        </test-method> <!-- OpeningBrowser -->
        <test-method is-config="true" signature="Reportadding()[pri:0, instance:packTwo.Annotations@2e4b8173]" started-at="2023-04-13T05:42:43 IST" name="Reportadding" finished-at="2023-04-13T05:42:43 IST" duration-ms="0" status="PASS">
          <reporter-output>
          </reporter-output>
        </test-method> <!-- Reportadding -->
        <test-method is-config="true" signature="Cookiesclose()[pri:0, instance:packTwo.Annotations@2e4b8173]" started-at="2023-04-13T05:42:43 IST" name="Cookiesclose" finished-at="2023-04-13T05:42:43 IST" duration-ms="1" status="PASS">
          <reporter-output>
          </reporter-output>
        </test-method> <!-- Cookiesclose -->
      </class> <!-- packTwo.Annotations -->
      <class name="testngFiles.DependenyAnnot">
        <test-method signature="OpeningBrowser()[pri:0, instance:testngFiles.DependenyAnnot@1622f1b]" started-at="2023-04-13T05:42:43 IST" name="OpeningBrowser" finished-at="2023-04-13T05:42:43 IST" duration-ms="3" status="PASS">
          <reporter-output>
          </reporter-output>
        </test-method> <!-- OpeningBrowser -->
        <test-method signature="Timerelated()[pri:0, instance:testngFiles.DependenyAnnot@1622f1b]" started-at="2023-04-13T05:42:43 IST" name="Timerelated" finished-at="2023-04-13T05:42:43 IST" duration-ms="12" status="PASS">
          <reporter-output>
          </reporter-output>
        </test-method> <!-- Timerelated -->
        <test-method signature="FlightBooking()[pri:0, instance:testngFiles.DependenyAnnot@1622f1b]" started-at="2023-04-13T05:42:43 IST" name="FlightBooking" finished-at="2023-04-13T05:42:43 IST" depends-on-methods="testngFiles.DependenyAnnot.OpeningBrowser" duration-ms="2" status="PASS">
          <reporter-output>
          </reporter-output>
        </test-method> <!-- FlightBooking -->
      </class> <!-- testngFiles.DependenyAnnot -->
      <class name="packTwo.DependenyAnnot">
        <test-method signature="OpeningBrowser()[pri:0, instance:packTwo.DependenyAnnot@70e8f8e]" started-at="2023-04-13T05:42:43 IST" name="OpeningBrowser" finished-at="2023-04-13T05:42:43 IST" duration-ms="4" status="PASS">
          <reporter-output>
          </reporter-output>
        </test-method> <!-- OpeningBrowser -->
        <test-method signature="Timerelated()[pri:0, instance:packTwo.DependenyAnnot@70e8f8e]" started-at="2023-04-13T05:42:43 IST" name="Timerelated" finished-at="2023-04-13T05:42:43 IST" duration-ms="3" status="PASS">
          <reporter-output>
          </reporter-output>
        </test-method> <!-- Timerelated -->
        <test-method signature="FlightBooking()[pri:0, instance:packTwo.DependenyAnnot@70e8f8e]" started-at="2023-04-13T05:42:43 IST" name="FlightBooking" finished-at="2023-04-13T05:42:43 IST" depends-on-methods="packTwo.DependenyAnnot.OpeningBrowser" duration-ms="1" status="PASS">
          <reporter-output>
          </reporter-output>
        </test-method> <!-- FlightBooking -->
      </class> <!-- packTwo.DependenyAnnot -->
    </test> <!-- Smoke Testcases -->
  </suite> <!-- Automatio Test -->
</testng-results>
