<?xml version="1.0" encoding="UTF-8"?>
<!-- Generated by org.testng.reporters.JUnitXMLReporter -->
<testsuite ignored="0" hostname="DESKTOP-RSTR5O7" failures="0" tests="3" name="Smoke Testcases" time="0.091" errors="0" timestamp="2023-04-13T05:42:39 IST">
  <testcase classname="testngFiles.Annotations" name="FlightBooking" time="0.013"/>
  <testcase classname="testngFiles.Annotations" name="OpeningBrowser" time="0.003"/>
  <testcase classname="testngFiles.Annot2" name="software" time="0.003"/>
</testsuite> <!-- Smoke Testcases -->
