<?xml version="1.0" encoding="UTF-8"?>
<!-- Generated by org.testng.reporters.JUnitXMLReporter -->
<testsuite ignored="1" hostname="DESKTOP-RSTR5O7" failures="0" tests="6" name="Default test" time="0.127" errors="0" timestamp="2023-04-13T05:42:24 IST">
  <testcase classname="testngFiles2.Annot2" name="software" time="0.013"/>
  <testcase classname="testngFiles2.DependenyAnnot" name="OpeningBrowser" time="0.003"/>
  <testcase classname="testngFiles2.DependenyAnnot" name="Timerelated" time="0.011"/>
  <testcase classname="testngFiles2.DependenyAnnot" name="FlightBooking" time="0.003"/>
  <testcase classname="testngFiles2.Annotations" name="FlightBooking" time="0.003"/>
  <testcase classname="testngFiles2.Annotations" name="OpeningBrowser" time="0.002"/>
  <testcase classname="testngFiles2.DependenyAnnot" name="Payment" time="0.0">
    <ignored/>
  </testcase> <!-- Payment -->
</testsuite> <!-- Default test -->
